
[1mRooFit v3.60 -- Developed by Wouter Verkerke and David Kirkby[0m 
                Copyright (C) 2000-2013 NIKHEF, University of California & Stanford University
                All rights reserved, please read http://roofit.sourceforge.net/license.txt


[Moment::main]	Parameter Type = 	P8pS

[Moment::main]	Sample Type = 	reco

[Moment::main]	Events Tag Type = 	mis

[Moment::ReCalValue]	Try to open/afs/cern.ch/user/a/aboletti/public/Run2-KstarMuMu/KDEeff/latestVersion-integrals/KDEeff_b0_od.root
file is existed
correctly tagged efficiency is existed
wrongly tagged efficiency is existed
[#1] INFO:DataHandling -- RooDataHist::adjustBinning(effCData): fit range of variable ctK expanded to nearest bin boundaries: [-1,1] --> [-1,1]
[#1] INFO:DataHandling -- RooDataHist::adjustBinning(effCData): fit range of variable ctL expanded to nearest bin boundaries: [-1,1] --> [-1,1]
[#1] INFO:DataHandling -- RooDataHist::adjustBinning(effCData): fit range of variable phi expanded to nearest bin boundaries: [-3.14159,3.14159] --> [-3.14159,3.14159]
[#1] INFO:DataHandling -- RooDataHist::adjustBinning(effWData): fit range of variable ctK expanded to nearest bin boundaries: [-1,1] --> [-1,1]
[#1] INFO:DataHandling -- RooDataHist::adjustBinning(effWData): fit range of variable ctL expanded to nearest bin boundaries: [-1,1] --> [-1,1]
[#1] INFO:DataHandling -- RooDataHist::adjustBinning(effWData): fit range of variable phi expanded to nearest bin boundaries: [-3.14159,3.14159] --> [-3.14159,3.14159]

[Moment::CalValue]	 @@@ Making datasets @@@ 

[Moment::CalValue]	Total number of events in the tree: 2841914 @@@

[Moment::RecoCalValue]	 q2bin = 0:P8pS = -0.368612+/- 1.53603e-10

[Moment::ReCalValue]	Try to open/afs/cern.ch/user/a/aboletti/public/Run2-KstarMuMu/KDEeff/latestVersion-integrals/KDEeff_b1_od.root
file is existed
correctly tagged efficiency is existed
wrongly tagged efficiency is existed
[#1] INFO:DataHandling -- RooDataHist::adjustBinning(effCData): fit range of variable ctK expanded to nearest bin boundaries: [-1,1] --> [-1,1]
[#1] INFO:DataHandling -- RooDataHist::adjustBinning(effCData): fit range of variable ctL expanded to nearest bin boundaries: [-1,1] --> [-1,1]
[#1] INFO:DataHandling -- RooDataHist::adjustBinning(effCData): fit range of variable phi expanded to nearest bin boundaries: [-3.14159,3.14159] --> [-3.14159,3.14159]
[#1] INFO:DataHandling -- RooDataHist::adjustBinning(effWData): fit range of variable ctK expanded to nearest bin boundaries: [-1,1] --> [-1,1]
[#1] INFO:DataHandling -- RooDataHist::adjustBinning(effWData): fit range of variable ctL expanded to nearest bin boundaries: [-1,1] --> [-1,1]
[#1] INFO:DataHandling -- RooDataHist::adjustBinning(effWData): fit range of variable phi expanded to nearest bin boundaries: [-3.14159,3.14159] --> [-3.14159,3.14159]

[Moment::CalValue]	 @@@ Making datasets @@@ 

[Moment::CalValue]	Total number of events in the tree: 2841914 @@@

[Moment::RecoCalValue]	 q2bin = 1:P8pS = -nan+/- -nan

[Moment::ReCalValue]	Try to open/afs/cern.ch/user/a/aboletti/public/Run2-KstarMuMu/KDEeff/latestVersion-integrals/KDEeff_b2_od.root
file is existed
correctly tagged efficiency is existed
wrongly tagged efficiency is existed
[#1] INFO:DataHandling -- RooDataHist::adjustBinning(effCData): fit range of variable ctK expanded to nearest bin boundaries: [-1,1] --> [-1,1]
[#1] INFO:DataHandling -- RooDataHist::adjustBinning(effCData): fit range of variable ctL expanded to nearest bin boundaries: [-1,1] --> [-1,1]
[#1] INFO:DataHandling -- RooDataHist::adjustBinning(effCData): fit range of variable phi expanded to nearest bin boundaries: [-3.14159,3.14159] --> [-3.14159,3.14159]
[#1] INFO:DataHandling -- RooDataHist::adjustBinning(effWData): fit range of variable ctK expanded to nearest bin boundaries: [-1,1] --> [-1,1]
[#1] INFO:DataHandling -- RooDataHist::adjustBinning(effWData): fit range of variable ctL expanded to nearest bin boundaries: [-1,1] --> [-1,1]
[#1] INFO:DataHandling -- RooDataHist::adjustBinning(effWData): fit range of variable phi expanded to nearest bin boundaries: [-3.14159,3.14159] --> [-3.14159,3.14159]

[Moment::CalValue]	 @@@ Making datasets @@@ 

[Moment::CalValue]	Total number of events in the tree: 2841914 @@@

[Moment::RecoCalValue]	 q2bin = 2:P8pS = -0.0332696+/- 0.00215628

[Moment::ReCalValue]	Try to open/afs/cern.ch/user/a/aboletti/public/Run2-KstarMuMu/KDEeff/latestVersion-integrals/KDEeff_b3_od.root
file is existed
correctly tagged efficiency is existed
wrongly tagged efficiency is existed
[#1] INFO:DataHandling -- RooDataHist::adjustBinning(effCData): fit range of variable ctK expanded to nearest bin boundaries: [-1,1] --> [-1,1]
[#1] INFO:DataHandling -- RooDataHist::adjustBinning(effCData): fit range of variable ctL expanded to nearest bin boundaries: [-1,1] --> [-1,1]
[#1] INFO:DataHandling -- RooDataHist::adjustBinning(effCData): fit range of variable phi expanded to nearest bin boundaries: [-3.14159,3.14159] --> [-3.14159,3.14159]
[#1] INFO:DataHandling -- RooDataHist::adjustBinning(effWData): fit range of variable ctK expanded to nearest bin boundaries: [-1,1] --> [-1,1]
[#1] INFO:DataHandling -- RooDataHist::adjustBinning(effWData): fit range of variable ctL expanded to nearest bin boundaries: [-1,1] --> [-1,1]
[#1] INFO:DataHandling -- RooDataHist::adjustBinning(effWData): fit range of variable phi expanded to nearest bin boundaries: [-3.14159,3.14159] --> [-3.14159,3.14159]

[Moment::CalValue]	 @@@ Making datasets @@@ 

[Moment::CalValue]	Total number of events in the tree: 2841914 @@@

[Moment::RecoCalValue]	 q2bin = 3:P8pS = -0.110707+/- 0.0039593

[Moment::ReCalValue]	Try to open/afs/cern.ch/user/a/aboletti/public/Run2-KstarMuMu/KDEeff/latestVersion-integrals/KDEeff_b5_od.root
file is existed
correctly tagged efficiency is existed
wrongly tagged efficiency is existed
[#1] INFO:DataHandling -- RooDataHist::adjustBinning(effCData): fit range of variable ctK expanded to nearest bin boundaries: [-1,1] --> [-1,1]
[#1] INFO:DataHandling -- RooDataHist::adjustBinning(effCData): fit range of variable ctL expanded to nearest bin boundaries: [-1,1] --> [-1,1]
[#1] INFO:DataHandling -- RooDataHist::adjustBinning(effCData): fit range of variable phi expanded to nearest bin boundaries: [-3.14159,3.14159] --> [-3.14159,3.14159]
[#1] INFO:DataHandling -- RooDataHist::adjustBinning(effWData): fit range of variable ctK expanded to nearest bin boundaries: [-1,1] --> [-1,1]
[#1] INFO:DataHandling -- RooDataHist::adjustBinning(effWData): fit range of variable ctL expanded to nearest bin boundaries: [-1,1] --> [-1,1]
[#1] INFO:DataHandling -- RooDataHist::adjustBinning(effWData): fit range of variable phi expanded to nearest bin boundaries: [-3.14159,3.14159] --> [-3.14159,3.14159]

[Moment::CalValue]	 @@@ Making datasets @@@ 

[Moment::CalValue]	Total number of events in the tree: 2841914 @@@

[Moment::RecoCalValue]	 q2bin = 5:P8pS = 0.0529566+/- 0.00509963

[Moment::ReCalValue]	Try to open/afs/cern.ch/user/a/aboletti/public/Run2-KstarMuMu/KDEeff/latestVersion-integrals/KDEeff_b7_od.root
file is existed
correctly tagged efficiency is existed
wrongly tagged efficiency is existed
[#1] INFO:DataHandling -- RooDataHist::adjustBinning(effCData): fit range of variable ctK expanded to nearest bin boundaries: [-1,1] --> [-1,1]
[#1] INFO:DataHandling -- RooDataHist::adjustBinning(effCData): fit range of variable ctL expanded to nearest bin boundaries: [-1,1] --> [-1,1]
[#1] INFO:DataHandling -- RooDataHist::adjustBinning(effCData): fit range of variable phi expanded to nearest bin boundaries: [-3.14159,3.14159] --> [-3.14159,3.14159]
[#1] INFO:DataHandling -- RooDataHist::adjustBinning(effWData): fit range of variable ctK expanded to nearest bin boundaries: [-1,1] --> [-1,1]
[#1] INFO:DataHandling -- RooDataHist::adjustBinning(effWData): fit range of variable ctL expanded to nearest bin boundaries: [-1,1] --> [-1,1]
[#1] INFO:DataHandling -- RooDataHist::adjustBinning(effWData): fit range of variable phi expanded to nearest bin boundaries: [-3.14159,3.14159] --> [-3.14159,3.14159]

[Moment::CalValue]	 @@@ Making datasets @@@ 

[Moment::CalValue]	Total number of events in the tree: 2841914 @@@

[Moment::RecoCalValue]	 q2bin = 7:P8pS = 0.00785588+/- 0.00918766
