
[1mRooFit v3.60 -- Developed by Wouter Verkerke and David Kirkby[0m 
                Copyright (C) 2000-2013 NIKHEF, University of California & Stanford University
                All rights reserved, please read http://roofit.sourceforge.net/license.txt


[Moment::main]	Parameter Type = 	P3S

[Moment::main]	Sample Type = 	gen

[Moment::GenCalValue]	Try to open	GEN_BFilter_B0MuMuKstar_p1.root

[Moment::GenCalValue]	Total number of events in the tree: 2800980 @@@

[Moment::GenCalValue]	 q2bin = 0:P3S = -0.0127554+/- 0.00894833

[Moment::GenCalValue]	Try to open	GEN_BFilter_B0MuMuKstar_p1.root

[Moment::GenCalValue]	Total number of events in the tree: 2800980 @@@

[Moment::GenCalValue]	 q2bin = 1:P3S = 0.0286109+/- 0.00956659

[Moment::GenCalValue]	Try to open	GEN_BFilter_B0MuMuKstar_p1.root

[Moment::GenCalValue]	Total number of events in the tree: 2800980 @@@

[Moment::GenCalValue]	 q2bin = 2:P3S = 0.00322362+/- 0.00793906

[Moment::GenCalValue]	Try to open	GEN_BFilter_B0MuMuKstar_p1.root

[Moment::GenCalValue]	Total number of events in the tree: 2800980 @@@

[Moment::GenCalValue]	 q2bin = 3:P3S = 0.00051438+/- 0.0042231

[Moment::GenCalValue]	Try to open	GEN_BFilter_B0MuMuKstar_p1.root

[Moment::GenCalValue]	Total number of events in the tree: 2800980 @@@

[Moment::GenCalValue]	 q2bin = 4:P3S = -0.00370045+/- 0.00469147

[Moment::GenCalValue]	Try to open	GEN_BFilter_B0MuMuKstar_p1.root

[Moment::GenCalValue]	Total number of events in the tree: 2800980 @@@

[Moment::GenCalValue]	 q2bin = 5:P3S = -0.00164155+/- 0.00289775

[Moment::GenCalValue]	Try to open	GEN_BFilter_B0MuMuKstar_p1.root

[Moment::GenCalValue]	Total number of events in the tree: 2800980 @@@

[Moment::GenCalValue]	 q2bin = 6:P3S = 0.0011937+/- 0.00391894

[Moment::GenCalValue]	Try to open	GEN_BFilter_B0MuMuKstar_p1.root

[Moment::GenCalValue]	Total number of events in the tree: 2800980 @@@

[Moment::GenCalValue]	 q2bin = 7:P3S = -0.00273265+/- 0.00332023

[Moment::GenCalValue]	Try to open	GEN_BFilter_B0MuMuKstar_p1.root

[Moment::GenCalValue]	Total number of events in the tree: 2800980 @@@

[Moment::GenCalValue]	 q2bin = 8:P3S = -0.003511+/- 0.00313239
